RNELNNEEA
sp|A9NJG2|13S_FAGTA 227,395,499
sp|B5KVH4|11S1_CARIL 128,219,268,430
sp|O23878|13S1_FAGES 286,452,556
sp|O23880|13S2_FAGES 220,388,492
sp|O55703|056R_IIV6 162
sp|O55739|127L_IIV6 149,183
sp|P0C9G1|1101L_ASFWA 80
sp|P0C9G4|1101L_ASFP4 80
sp|P0DO85|10H_STRNX 151
sp|P0DO87|11H_STRNX 153
sp|P15711|104K_THEPA 630
sp|P26709|1107L_ASFL5 128
sp|P32234|128UP_DROME 38
sp|P42643|14331_ARATH 9
sp|Q196T5|125R_IIV3 248
sp|Q196V8|102R_IIV3 13
sp|Q196W8|092R_IIV3 131
sp|Q196X1|089L_IIV3 22
sp|Q196Z8|062L_IIV3 107
sp|Q197B1|049R_IIV3 252
sp|Q197D2|028R_IIV3 263
sp|Q4U9M9|104K_THEAN 573
sp|Q6GZN1|094L_FRG3G 62
sp|Q6GZN6|089R_FRG3G 158
sp|Q6GZQ2|073L_FRG3G 193
sp|Q6GZR7|058R_FRG3G 126
sp|Q6GZR9|056R_FRG3G 117,132
sp|Q6GZS4|052L_FRG3G 153
sp|Q6GZT1|045L_FRG3G 6
sp|Q6GZV8|017L_FRG3G 441
sp|Q6GZW1|014R_FRG3G 18
sp|Q6GZW5|010R_FRG3G 46,92,122
sp|Q6GZW6|009L_FRG3G 648
sp|Q8GBW6|12S_PROFR 34,450,463
sp|Q91G67|029R_IIV6 33
sp|Q91G85|009R_IIV6 24
sp|Q9U408|14331_ECHGR 42
sp|Q9XFM4|13S3_FAGES 256,422,526
//
DTPTNCPT
sp|C0HLR7|11S1_MACIN 98
sp|O55705|061R_IIV6 72
sp|P0C9G5|1102L_ASFWA 57
sp|P0C9G8|1102L_ASFP4 57
sp|P0C9J3|1101B_ASFWA 21
sp|P0C9J5|11011_ASFM2 76
sp|P0C9J6|11011_ASFP4 50
sp|P0C9K2|11014_ASFK5 21
sp|P0C9K3|11014_ASFM2 21
sp|P15711|104K_THEPA 722,791
sp|P18558|1104L_ASFB7 30
sp|P19084|11S3_HELAN 320
sp|P26706|11014_ASFL5 21
sp|P26708|1104B_ASFL5 30
sp|P48347|14310_ARATH 247
sp|P93207|14310_SOLLC 171
sp|Q05349|12KD_FRAAN 86
sp|Q196T7|123L_IIV3 103
sp|Q196U6|114L_IIV3 123
sp|Q196X1|089L_IIV3 30
sp|Q197D0|030L_IIV3 51
sp|Q197F3|007R_IIV3 150
sp|Q197F7|003L_IIV3 116
sp|Q4U9M9|104K_THEAN 751
sp|Q67475|055R_FRG3G 13
sp|Q6GZN1|094L_FRG3G 31
sp|Q6GZN6|089R_FRG3G 125
sp|Q6GZN8|087L_FRG3G 218
sp|Q6GZP6|079R_FRG3G 132
sp|Q6GZQ9|066L_FRG3G 163
sp|Q6GZT5|041R_FRG3G 268
sp|Q6GZT7|039R_FRG3G 85
sp|Q6GZU9|027R_FRG3G 69,451,476
sp|Q6GZW0|015R_FRG3G 283,290,297
sp|Q6GZW6|009L_FRG3G 522
sp|Q6GZX3|002L_FRG3G 222
sp|Q92AT0|12OLP_LISIN 645
//
GSGLSLLSD
sp|A9JLI5|1104L_ASFPP 92
sp|A9JLI7|1105L_ASFPP 92
sp|B5KVH4|11S1_CARIL 101
sp|O23880|13S2_FAGES 304
sp|O55727|111R_IIV6 110
sp|O55734|120L_IIV6 103
sp|O55747|141R_IIV6 13
sp|P0C9H0|1104L_ASFWA 93
sp|P0C9H1|1104L_ASFK5 92
sp|P0C9H2|1104L_ASFM2 90,92
sp|P0C9H3|1104L_ASFP4 92
sp|P0C9H4|1105L_ASFWA 87
sp|P0C9H5|1105L_ASFM2 87
sp|P0C9H6|1105L_ASFP4 87
sp|P0DO85|10H_STRNX 180
sp|P0DO87|11H_STRNX 341
sp|P13744|11SB_CUCMA 112
sp|P15711|104K_THEPA 547
sp|P18558|1104L_ASFB7 92
sp|P19084|11S3_HELAN 485
sp|P21215|12AH_CLOS4 11,19
sp|P26705|1105L_ASFL5 87
sp|P26707|1104L_ASFL5 92
sp|P26708|1104B_ASFL5 92
sp|P32234|128UP_DROME 47,166
sp|P49106|14331_MAIZE 77
sp|Q05349|12KD_FRAAN 19
sp|Q196Y8|072L_IIV3 29
sp|Q197B1|049R_IIV3 57
sp|Q197B6|044L_IIV3 19
sp|Q197C0|040R_IIV3 18
sp|Q197C3|037L_IIV3 40
sp|Q197D5|025R_IIV3 174
sp|Q197D8|022L_IIV3 164
sp|Q4U9M9|104K_THEAN 518
sp|Q67475|055R_FRG3G 109,119
sp|Q6GZN6|089R_FRG3G 220
sp|Q6GZP1|084R_FRG3G 135
sp|Q6GZP4|081R_FRG3G 19
sp|Q6GZQ1|074L_FRG3G 47
sp|Q6GZQ7|068R_FRG3G 74
sp|Q6GZR7|058R_FRG3G 150
sp|Q6GZS1|055L_FRG3G 88
sp|Q6GZS6|050L_FRG3G 22
sp|Q6GZT9|037R_FRG3G 119
sp|Q6GZU5|031R_FRG3G 59
sp|Q6GZU8|028R_FRG3G 67
sp|Q6GZU9|027R_FRG3G 76,496,628
sp|Q6GZV5|020R_FRG3G 115
sp|Q6GZV6|019R_FRG3G 244,816
sp|Q6GZV8|017L_FRG3G 83
sp|Q6GZW0|015R_FRG3G 36
sp|Q6GZW6|009L_FRG3G 79,294,394
sp|Q6V4H0|10HGO_CATRO 193
sp|Q8GBW6|12S_PROFR 153
sp|Q91G63|034R_IIV6 97,129
sp|Q92AT0|12OLP_LISIN 982
sp|Q9XHP0|11S2_SESIN 98
//
